{"/home/luis/Documentos/pis/PruebasTest/test.js":{"path":"/home/luis/Documentos/pis/PruebasTest/test.js","s":{"1":1,"2":1,"3":1,"4":1,"5":1,"6":1,"7":1,"8":1,"9":1,"10":1,"11":1,"12":1,"13":1,"14":1,"15":1,"16":1,"17":1,"18":1,"19":1,"20":1,"21":1},"b":{},"f":{"1":1,"2":1,"3":1,"4":1,"5":1,"6":1,"7":1,"8":1},"fnMap":{"1":{"name":"(anonymous_1)","line":8,"loc":{"start":{"line":8,"column":21},"end":{"line":8,"column":33}}},"2":{"name":"(anonymous_2)","line":9,"loc":{"start":{"line":9,"column":52},"end":{"line":9,"column":64}}},"3":{"name":"(anonymous_3)","line":15,"loc":{"start":{"line":15,"column":32},"end":{"line":15,"column":44}}},"4":{"name":"(anonymous_4)","line":18,"loc":{"start":{"line":18,"column":32},"end":{"line":18,"column":44}}},"5":{"name":"(anonymous_5)","line":21,"loc":{"start":{"line":21,"column":32},"end":{"line":21,"column":44}}},"6":{"name":"(anonymous_6)","line":24,"loc":{"start":{"line":24,"column":38},"end":{"line":24,"column":50}}},"7":{"name":"(anonymous_7)","line":28,"loc":{"start":{"line":28,"column":19},"end":{"line":28,"column":31}}},"8":{"name":"(anonymous_8)","line":31,"loc":{"start":{"line":31,"column":52},"end":{"line":31,"column":64}}}},"statementMap":{"1":{"start":{"line":1,"column":0},"end":{"line":1,"column":33}},"2":{"start":{"line":2,"column":0},"end":{"line":2,"column":39}},"3":{"start":{"line":3,"column":0},"end":{"line":3,"column":44}},"4":{"start":{"line":5,"column":0},"end":{"line":5,"column":40}},"5":{"start":{"line":8,"column":0},"end":{"line":27,"column":3}},"6":{"start":{"line":9,"column":2},"end":{"line":14,"column":4}},"7":{"start":{"line":10,"column":4},"end":{"line":10,"column":36}},"8":{"start":{"line":12,"column":4},"end":{"line":12,"column":46}},"9":{"start":{"line":15,"column":2},"end":{"line":17,"column":4}},"10":{"start":{"line":16,"column":4},"end":{"line":16,"column":58}},"11":{"start":{"line":18,"column":2},"end":{"line":20,"column":4}},"12":{"start":{"line":19,"column":4},"end":{"line":19,"column":58}},"13":{"start":{"line":21,"column":2},"end":{"line":23,"column":4}},"14":{"start":{"line":22,"column":4},"end":{"line":22,"column":58}},"15":{"start":{"line":24,"column":2},"end":{"line":26,"column":5}},"16":{"start":{"line":25,"column":4},"end":{"line":25,"column":65}},"17":{"start":{"line":28,"column":0},"end":{"line":37,"column":3}},"18":{"start":{"line":29,"column":2},"end":{"line":29,"column":41}},"19":{"start":{"line":31,"column":2},"end":{"line":36,"column":5}},"20":{"start":{"line":32,"column":4},"end":{"line":32,"column":36}},"21":{"start":{"line":34,"column":4},"end":{"line":34,"column":46}}},"branchMap":{}}}